#
# A fatal error has been detected by the Java Runtime Environment:
#
#  SIGSEGV (0xb) at pc=0x0000000123d3275b, pid=1164, tid=55815
#
# JRE version: Java(TM) SE Runtime Environment (12.0+33) (build 12+33)
# Java VM: Java HotSpot(TM) 64-Bit Server VM (12+33, mixed mode, sharing, tiered, compressed oops, g1 gc, bsd-amd64)
# Problematic frame:
# C  [libawt_lwawt.dylib+0x1b75b]  OGLSD_SetScratchSurface+0x1f
#
# No core dump will be written. Core dumps have been disabled. To enable core dumping, try "ulimit -c unlimited" before starting Java again
#
# If you would like to submit a bug report, please visit:
#   http://bugreport.java.com/bugreport/crash.jsp
# The crash happened outside the Java Virtual Machine in native code.
# See problematic frame for where to report the bug.
#

---------------  S U M M A R Y ------------

Command Line: -javaagent:/Applications/IntelliJ IDEA CE.app/Contents/lib/idea_rt.jar=52089:/Applications/IntelliJ IDEA CE.app/Contents/bin -Dfile.encoding=UTF-8 MousePass

Host: MacBookPro15,2 x86_64 2300 MHz, 8 cores, 8G, Darwin 18.2.0
Time: Thu Mar 28 13:07:36 2019 CDT elapsed time: 1280 seconds (0d 0h 21m 20s)

---------------  T H R E A D  ---------------

Current thread (0x00007fe3070ee000):  JavaThread "Java2D Queue Flusher" daemon [_thread_in_native, id=55815, stack(0x000070000ac7f000,0x000070000ad7f000)]

Stack: [0x000070000ac7f000,0x000070000ad7f000],  sp=0x000070000ad7e800,  free space=1022k
Native frames: (J=compiled Java code, A=aot compiled Java code, j=interpreted, Vv=VM code, C=native code)
C  [libawt_lwawt.dylib+0x1b75b]  OGLSD_SetScratchSurface+0x1f
C  [libawt_lwawt.dylib+0x3fddb]  Java_sun_java2d_opengl_OGLRenderQueue_flushBuffer+0x947
j  sun.java2d.opengl.OGLRenderQueue.flushBuffer(JI)V+0 java.desktop@12
j  sun.java2d.opengl.OGLRenderQueue.flushBuffer()V+21 java.desktop@12
j  sun.java2d.opengl.OGLRenderQueue$QueueFlusher.run()V+81 java.desktop@12
j  java.lang.Thread.run()V+11 java.base@12
v  ~StubRoutines::call_stub
V  [libjvm.dylib+0x393705]  _ZN9JavaCalls11call_helperEP9JavaValueRK12methodHandleP17JavaCallArgumentsP6Thread+0x285
V  [libjvm.dylib+0x392ae4]  _ZN9JavaCalls12call_virtualEP9JavaValueP5KlassP6SymbolS5_P17JavaCallArgumentsP6Thread+0xee
V  [libjvm.dylib+0x392ba0]  _ZN9JavaCalls12call_virtualEP9JavaValue6HandleP5KlassP6SymbolS6_P6Thread+0x62
V  [libjvm.dylib+0x410db0]  _ZL12thread_entryP10JavaThreadP6Thread+0x78
V  [libjvm.dylib+0x6e3dbe]  _ZN10JavaThread17thread_main_innerEv+0x82
V  [libjvm.dylib+0x6e3c08]  _ZN10JavaThread3runEv+0x16c
V  [libjvm.dylib+0x6e1b0e]  _ZN6Thread8call_runEv+0x68
V  [libjvm.dylib+0x5dbf47]  _ZL19thread_native_entryP6Thread+0x139
C  [libsystem_pthread.dylib+0x3305]  _pthread_body+0x7e
C  [libsystem_pthread.dylib+0x626f]  _pthread_start+0x46
C  [libsystem_pthread.dylib+0x2415]  thread_start+0xd

Java frames: (J=compiled Java code, j=interpreted, Vv=VM code)
j  sun.java2d.opengl.OGLRenderQueue.flushBuffer(JI)V+0 java.desktop@12
j  sun.java2d.opengl.OGLRenderQueue.flushBuffer()V+21 java.desktop@12
j  sun.java2d.opengl.OGLRenderQueue$QueueFlusher.run()V+81 java.desktop@12
j  java.lang.Thread.run()V+11 java.base@12
v  ~StubRoutines::call_stub

siginfo: si_signo: 11 (SIGSEGV), si_code: 1 (SEGV_MAPERR), si_addr: 0x0000000000000003

Register to memory mapping:

RAX=0x00007fe305e825c0 points into unknown readable memory: 70 25 e8 05 e3 7f 00 00
RBX=0x00007fe305c1c660 points into unknown readable memory: 00 00 00 00 00 00 00 f0
RCX=0x0000000000000047 is an unknown value
RDX=0x0000000123d56db8: Java_sun_java2d_opengl_OGLRenderQueue_flushBuffer+0x924 in /Library/Java/JavaVirtualMachines/jdk-12.jdk/Contents/Home/lib/libawt_lwawt.dylib at 0x0000000123d17000
RSP=0x000070000ad7e800 is pointing into the stack for thread: 0x00007fe3070ee000
RBP=0x000070000ad7e830 is pointing into the stack for thread: 0x00007fe3070ee000
RSI=0x00007fe305c1c660 points into unknown readable memory: 00 00 00 00 00 00 00 f0
RDI=0x00007fe3070ee330 points into unknown readable memory: 70 94 97 02 01 00 00 00
R8 =0x000000000000782c is an unknown value
R9 =0x00007fe305e86a88 points into unknown readable memory: 00 0d 00 00 00 00 00 00
R10=0x000000010e16c961 is at code_begin+897 in an Interpreter codelet
method entry point (kind = native)  [0x000000010e16c5e0, 0x000000010e16d020]  2624 bytes
R11=0x0000000000000102 is an unknown value
R12=0x00007fe3070f0a10 points into unknown readable memory: 5a 00 00 00 49 00 00 00
R13=0x0000000000000003 is an unknown value
R14=0x0000000123d57048: Java_sun_java2d_opengl_OGLRenderQueue_flushBuffer+0xbb4 in /Library/Java/JavaVirtualMachines/jdk-12.jdk/Contents/Home/lib/libawt_lwawt.dylib at 0x0000000123d17000
R15=0x00007fe3070ee330 points into unknown readable memory: 70 94 97 02 01 00 00 00


Registers:
RAX=0x00007fe305e825c0, RBX=0x00007fe305c1c660, RCX=0x0000000000000047, RDX=0x0000000123d56db8
RSP=0x000070000ad7e800, RBP=0x000070000ad7e830, RSI=0x00007fe305c1c660, RDI=0x00007fe3070ee330
R8 =0x000000000000782c, R9 =0x00007fe305e86a88, R10=0x000000010e16c961, R11=0x0000000000000102
R12=0x00007fe3070f0a10, R13=0x0000000000000003, R14=0x0000000123d57048, R15=0x00007fe3070ee330
RIP=0x0000000123d3275b, EFLAGS=0x0000000000010206, ERR=0x0000000000000004
  TRAPNO=0x000000000000000e

Top of Stack: (sp=0x000070000ad7e800)
0x000070000ad7e800:   00007fe305e825c0 00007fe305c1c660
0x000070000ad7e810:   00007fe3070f0a10 00007fe3070f0a20
0x000070000ad7e820:   0000000123d57048 00007fe3070ee330
0x000070000ad7e830:   000070000ad7e890 0000000123d56ddb
0x000070000ad7e840:   00007fe3070ee000 0000000000000015
0x000070000ad7e850:   000070000ad7e870 0000000002780237
0x000070000ad7e860:   000070000ad7e870 0000000123492130
0x000070000ad7e870:   0000000000000000 0000000123492130
0x000070000ad7e880:   000070000ad7e948 00007fe3070ee000
0x000070000ad7e890:   000070000ad7e910 000000010e16c990
0x000070000ad7e8a0:   00000001029ed901 00007fe3070ee000
0x000070000ad7e8b0:   000070000ad7e8d0 0000000102780454
0x000070000ad7e8c0:   000070000ad7eb28 000070000ad7e8c8
0x000070000ad7e8d0:   0000000000000000 000070000ad7e948
0x000070000ad7e8e0:   0000000123493360 0000000000000000
0x000070000ad7e8f0:   00000007813a7e00 0000000123492130
0x000070000ad7e900:   0000000000000000 000070000ad7e930
0x000070000ad7e910:   000070000ad7e998 000000010e166cb3
0x000070000ad7e920:   0000000000000000 000000010e1698b8
0x000070000ad7e930:   0000000000000020 00007fe3070f0a00
0x000070000ad7e940:   0000000000000000 00000007813a5cf8
0x000070000ad7e950:   000070000ad7e950 00000001234921e5
0x000070000ad7e960:   000070000ad7e9b0 0000000123493360
0x000070000ad7e970:   0000000000000000 00000007813a7e00
0x000070000ad7e980:   0000000123492220 000070000ad7e930
0x000070000ad7e990:   000070000ad7e9b0 000070000ad7ea10
0x000070000ad7e9a0:   000000010e166cb3 0000000000000020
0x000070000ad7e9b0:   00000007813a5cf8 0000000000000001
0x000070000ad7e9c0:   0000000782c9d380 000070000ad7e9b8
0x000070000ad7e9d0:   0000000123496589 000070000ad7ea38
0x000070000ad7e9e0:   00000001234969a0 0000000000000000
0x000070000ad7e9f0:   0000000782c9d3a0 00000001234966c8 

Instructions: (pc=0x0000000123d3275b)
0x0000000123d3273b:   c3 55 48 89 e5 41 57 41 56 41 55 41 54 53 50 49
0x0000000123d3274b:   89 ff 48 85 f6 74 57 4c 8b 6e 10 4d 85 ed 74 57
0x0000000123d3275b:   49 8b 5d 00 31 c0 e8 d6 db 02 00 49 89 c6 48 8b
0x0000000123d3276b:   3b 48 8b 35 c5 59 05 00 ff 15 cf 8d 04 00 48 85 

Stack slot to memory mapping:
stack at sp + 0 slots: 0x00007fe305e825c0 points into unknown readable memory: 70 25 e8 05 e3 7f 00 00
stack at sp + 1 slots: 0x00007fe305c1c660 points into unknown readable memory: 00 00 00 00 00 00 00 f0
stack at sp + 2 slots: 0x00007fe3070f0a10 points into unknown readable memory: 5a 00 00 00 49 00 00 00
stack at sp + 3 slots: 0x00007fe3070f0a20 points into unknown readable memory: 00 00 00 00 ba 0b 00 00
stack at sp + 4 slots: 0x0000000123d57048: Java_sun_java2d_opengl_OGLRenderQueue_flushBuffer+0xbb4 in /Library/Java/JavaVirtualMachines/jdk-12.jdk/Contents/Home/lib/libawt_lwawt.dylib at 0x0000000123d17000
stack at sp + 5 slots: 0x00007fe3070ee330 points into unknown readable memory: 70 94 97 02 01 00 00 00
stack at sp + 6 slots: 0x000070000ad7e890 is pointing into the stack for thread: 0x00007fe3070ee000
stack at sp + 7 slots: 0x0000000123d56ddb: Java_sun_java2d_opengl_OGLRenderQueue_flushBuffer+0x947 in /Library/Java/JavaVirtualMachines/jdk-12.jdk/Contents/Home/lib/libawt_lwawt.dylib at 0x0000000123d17000


---------------  P R O C E S S  ---------------

Threads class SMR info:
_java_thread_list=0x00007fe30b1e07e0, length=16, elements={
0x00007fe30881d000, 0x00007fe307004800, 0x00007fe308001000, 0x00007fe308031800,
0x00007fe308032800, 0x00007fe308033000, 0x00007fe308854800, 0x00007fe30885f000,
0x00007fe308860000, 0x00007fe30601b000, 0x00007fe307064800, 0x00007fe3070ee000,
0x00007fe307135800, 0x00007fe30714c000, 0x00007fe30a014000, 0x00007fe3080b3000
}

Java Threads: ( => current thread )
  0x00007fe30881d000 JavaThread "Reference Handler" daemon [_thread_blocked, id=17667, stack(0x0000700009dc9000,0x0000700009ec9000)]
  0x00007fe307004800 JavaThread "Finalizer" daemon [_thread_blocked, id=13827, stack(0x0000700009ecc000,0x0000700009fcc000)]
  0x00007fe308001000 JavaThread "Signal Dispatcher" daemon [_thread_blocked, id=14851, stack(0x0000700009fcf000,0x000070000a0cf000)]
  0x00007fe308031800 JavaThread "C2 CompilerThread0" daemon [_thread_blocked, id=43267, stack(0x000070000a0d2000,0x000070000a1d2000)]
  0x00007fe308032800 JavaThread "C1 CompilerThread0" daemon [_thread_blocked, id=42499, stack(0x000070000a1d5000,0x000070000a2d5000)]
  0x00007fe308033000 JavaThread "Sweeper thread" daemon [_thread_blocked, id=41731, stack(0x000070000a2d8000,0x000070000a3d8000)]
  0x00007fe308854800 JavaThread "Common-Cleaner" daemon [_thread_blocked, id=40963, stack(0x000070000a3db000,0x000070000a4db000)]
  0x00007fe30885f000 JavaThread "Monitor Ctrl-Break" daemon [_thread_in_native, id=22275, stack(0x000070000a4de000,0x000070000a5de000)]
  0x00007fe308860000 JavaThread "Service Thread" daemon [_thread_blocked, id=22787, stack(0x000070000a5e1000,0x000070000a6e1000)]
  0x00007fe30601b000 JavaThread "AppKit Thread" daemon [_thread_in_native, id=775, stack(0x00007ffeed3aa000,0x00007ffeedbaa000)]
  0x00007fe307064800 JavaThread "AWT-Shutdown" [_thread_blocked, id=29187, stack(0x000070000a7e7000,0x000070000a8e7000)]
=>0x00007fe3070ee000 JavaThread "Java2D Queue Flusher" daemon [_thread_in_native, id=55815, stack(0x000070000ac7f000,0x000070000ad7f000)]
  0x00007fe307135800 JavaThread "Java2D Disposer" daemon [_thread_blocked, id=57091, stack(0x000070000ad82000,0x000070000ae82000)]
  0x00007fe30714c000 JavaThread "AWT-EventQueue-0" [_thread_blocked, id=58115, stack(0x000070000ae85000,0x000070000af85000)]
  0x00007fe30a014000 JavaThread "Attach Listener" daemon [_thread_blocked, id=63519, stack(0x000070000af88000,0x000070000b088000)]
  0x00007fe3080b3000 JavaThread "DestroyJavaVM" [_thread_blocked, id=8963, stack(0x00007000096b4000,0x00007000097b4000)]

Other Threads:
  0x00007fe30607c000 VMThread "VM Thread" [stack: 0x0000700009cc6000,0x0000700009dc6000] [id=18179]
  0x00007fe309004800 WatcherThread [stack: 0x000070000a6e4000,0x000070000a7e4000] [id=23043]
  0x00007fe308029800 GCTaskThread "GC Thread#0" [stack: 0x00007000097b7000,0x00007000098b7000] [id=20483]
  0x00007fe309034800 GCTaskThread "GC Thread#1" [stack: 0x000070000b10e000,0x000070000b20e000] [id=67091]
  0x00007fe309036000 GCTaskThread "GC Thread#2" [stack: 0x000070000b211000,0x000070000b311000] [id=65811]
  0x00007fe30a003000 GCTaskThread "GC Thread#3" [stack: 0x000070000b314000,0x000070000b414000] [id=33343]
  0x00007fe308218000 GCTaskThread "GC Thread#4" [stack: 0x000070000b417000,0x000070000b517000] [id=46611]
  0x00007fe308806000 GCTaskThread "GC Thread#5" [stack: 0x000070000b51a000,0x000070000b61a000] [id=30099]
  0x00007fe307011800 ConcurrentGCThread "G1 Main Marker" [stack: 0x00007000098ba000,0x00007000099ba000] [id=11779]
  0x00007fe307012000 ConcurrentGCThread "G1 Conc#0" [stack: 0x00007000099bd000,0x0000700009abd000] [id=19203]
  0x00007fe30a06c000 ConcurrentGCThread "G1 Conc#1" [stack: 0x000070000b61d000,0x000070000b71d000] [id=15875]
  0x00007fe30607b800 ConcurrentGCThread "G1 Refine#0" [stack: 0x0000700009ac0000,0x0000700009bc0000] [id=12291]
  0x00007fe309000000 ConcurrentGCThread "G1 Young RemSet Sampling" [stack: 0x0000700009bc3000,0x0000700009cc3000] [id=18691]

Threads with active compile tasks:

VM state:not at safepoint (normal execution)

VM Mutex/Monitor currently owned by a thread: None

Heap address: 0x0000000780000000, size: 2048 MB, Compressed Oops mode: Zero based, Oop shift amount: 3
Narrow klass base: 0x0000000800000000, Narrow klass shift: 3
Compressed class space size: 1073741824 Address: 0x00000008010fa000

Heap:
 garbage-first heap   total 133120K, used 45911K [0x0000000780000000, 0x0000000800000000)
  region size 1024K, 3 young (3072K), 1 survivors (1024K)
 Metaspace       used 9149K, capacity 9516K, committed 9728K, reserved 1058816K
  class space    used 996K, capacity 1182K, committed 1280K, reserved 1048576K
Heap Regions: E=young(eden), S=young(survivor), O=old, HS=humongous(starts), HC=humongous(continues), CS=collection set, F=free, A=archive, TAMS=top-at-mark-start (previous, next)
|   0|0x0000000780000000, 0x0000000780000000, 0x0000000780100000|  0%| F|  |TAMS 0x0000000780000000, 0x0000000780000000| Untracked 
|   1|0x0000000780100000, 0x0000000780100000, 0x0000000780200000|  0%| F|  |TAMS 0x0000000780100000, 0x0000000780100000| Untracked 
|   2|0x0000000780200000, 0x0000000780200000, 0x0000000780300000|  0%| F|  |TAMS 0x0000000780200000, 0x0000000780200000| Untracked 
|   3|0x0000000780300000, 0x0000000780300000, 0x0000000780400000|  0%| F|  |TAMS 0x0000000780300000, 0x0000000780300000| Untracked 
|   4|0x0000000780400000, 0x0000000780400000, 0x0000000780500000|  0%| F|  |TAMS 0x0000000780400000, 0x0000000780400000| Untracked 
|   5|0x0000000780500000, 0x0000000780500000, 0x0000000780600000|  0%| F|  |TAMS 0x0000000780500000, 0x0000000780500000| Untracked 
|   6|0x0000000780600000, 0x0000000780600000, 0x0000000780700000|  0%| F|  |TAMS 0x0000000780600000, 0x0000000780600000| Untracked 
|   7|0x0000000780700000, 0x0000000780700000, 0x0000000780800000|  0%| F|  |TAMS 0x0000000780700000, 0x0000000780700000| Untracked 
|   8|0x0000000780800000, 0x0000000780800000, 0x0000000780900000|  0%| F|  |TAMS 0x0000000780800000, 0x0000000780800000| Untracked 
|   9|0x0000000780900000, 0x0000000780900000, 0x0000000780a00000|  0%| F|  |TAMS 0x0000000780900000, 0x0000000780900000| Untracked 
|  10|0x0000000780a00000, 0x0000000780a00000, 0x0000000780b00000|  0%| F|  |TAMS 0x0000000780a00000, 0x0000000780a00000| Untracked 
|  11|0x0000000780b00000, 0x0000000780b00000, 0x0000000780c00000|  0%| F|  |TAMS 0x0000000780b00000, 0x0000000780b00000| Untracked 
|  12|0x0000000780c00000, 0x0000000780c00000, 0x0000000780d00000|  0%| F|  |TAMS 0x0000000780c00000, 0x0000000780c00000| Untracked 
|  13|0x0000000780d00000, 0x0000000780d00000, 0x0000000780e00000|  0%| F|  |TAMS 0x0000000780d00000, 0x0000000780d00000| Untracked 
|  14|0x0000000780e00000, 0x0000000780e00000, 0x0000000780f00000|  0%| F|  |TAMS 0x0000000780e00000, 0x0000000780e00000| Untracked 
|  15|0x0000000780f00000, 0x0000000780f00000, 0x0000000781000000|  0%| F|  |TAMS 0x0000000780f00000, 0x0000000780f00000| Untracked 
|  16|0x0000000781000000, 0x0000000781000000, 0x0000000781100000|  0%| F|  |TAMS 0x0000000781000000, 0x0000000781000000| Untracked 
|  17|0x0000000781100000, 0x0000000781200000, 0x0000000781200000|100%| O|  |TAMS 0x0000000781100000, 0x0000000781100000| Untracked 
|  18|0x0000000781200000, 0x0000000781300000, 0x0000000781300000|100%| O|  |TAMS 0x0000000781200000, 0x0000000781200000| Untracked 
|  19|0x0000000781300000, 0x00000007813e9200, 0x0000000781400000| 91%| O|  |TAMS 0x0000000781300000, 0x0000000781300000| Untracked 
|  20|0x0000000781400000, 0x0000000781500000, 0x0000000781500000|100%|HS|  |TAMS 0x0000000781400000, 0x0000000781400000| Complete 
|  21|0x0000000781500000, 0x0000000781600000, 0x0000000781600000|100%|HC|  |TAMS 0x0000000781500000, 0x0000000781500000| Complete 
|  22|0x0000000781600000, 0x0000000781700000, 0x0000000781700000|100%|HC|  |TAMS 0x0000000781600000, 0x0000000781600000| Complete 
|  23|0x0000000781700000, 0x0000000781800000, 0x0000000781800000|100%|HC|  |TAMS 0x0000000781700000, 0x0000000781700000| Complete 
|  24|0x0000000781800000, 0x0000000781900000, 0x0000000781900000|100%|HC|  |TAMS 0x0000000781800000, 0x0000000781800000| Complete 
|  25|0x0000000781900000, 0x0000000781900000, 0x0000000781a00000|  0%| F|  |TAMS 0x0000000781900000, 0x0000000781900000| Untracked 
|  26|0x0000000781a00000, 0x0000000781a00000, 0x0000000781b00000|  0%| F|  |TAMS 0x0000000781a00000, 0x0000000781a00000| Untracked 
|  27|0x0000000781b00000, 0x0000000781b00000, 0x0000000781c00000|  0%| F|  |TAMS 0x0000000781b00000, 0x0000000781b00000| Untracked 
|  28|0x0000000781c00000, 0x0000000781c00000, 0x0000000781d00000|  0%| F|  |TAMS 0x0000000781c00000, 0x0000000781c00000| Untracked 
|  29|0x0000000781d00000, 0x0000000781d00000, 0x0000000781e00000|  0%| F|  |TAMS 0x0000000781d00000, 0x0000000781d00000| Untracked 
|  30|0x0000000781e00000, 0x0000000781e00000, 0x0000000781f00000|  0%| F|  |TAMS 0x0000000781e00000, 0x0000000781e00000| Untracked 
|  31|0x0000000781f00000, 0x0000000781f00000, 0x0000000782000000|  0%| F|  |TAMS 0x0000000781f00000, 0x0000000781f00000| Untracked 
|  32|0x0000000782000000, 0x0000000782000000, 0x0000000782100000|  0%| F|  |TAMS 0x0000000782000000, 0x0000000782000000| Untracked 
|  33|0x0000000782100000, 0x0000000782100000, 0x0000000782200000|  0%| F|  |TAMS 0x0000000782100000, 0x0000000782100000| Untracked 
|  34|0x0000000782200000, 0x0000000782200000, 0x0000000782300000|  0%| F|  |TAMS 0x0000000782200000, 0x0000000782200000| Untracked 
|  35|0x0000000782300000, 0x0000000782300000, 0x0000000782400000|  0%| F|  |TAMS 0x0000000782300000, 0x0000000782300000| Untracked 
|  36|0x0000000782400000, 0x0000000782400000, 0x0000000782500000|  0%| F|  |TAMS 0x0000000782400000, 0x0000000782400000| Untracked 
|  37|0x0000000782500000, 0x0000000782500000, 0x0000000782600000|  0%| F|  |TAMS 0x0000000782500000, 0x0000000782500000| Untracked 
|  38|0x0000000782600000, 0x0000000782600000, 0x0000000782700000|  0%| F|  |TAMS 0x0000000782600000, 0x0000000782600000| Untracked 
|  39|0x0000000782700000, 0x0000000782700000, 0x0000000782800000|  0%| F|  |TAMS 0x0000000782700000, 0x0000000782700000| Untracked 
|  40|0x0000000782800000, 0x0000000782800000, 0x0000000782900000|  0%| F|  |TAMS 0x0000000782800000, 0x0000000782800000| Untracked 
|  41|0x0000000782900000, 0x0000000782900000, 0x0000000782a00000|  0%| F|  |TAMS 0x0000000782900000, 0x0000000782900000| Untracked 
|  42|0x0000000782a00000, 0x0000000782a00000, 0x0000000782b00000|  0%| F|  |TAMS 0x0000000782a00000, 0x0000000782a00000| Untracked 
|  43|0x0000000782b00000, 0x0000000782b00000, 0x0000000782c00000|  0%| F|  |TAMS 0x0000000782b00000, 0x0000000782b00000| Untracked 
|  44|0x0000000782c00000, 0x0000000782d00000, 0x0000000782d00000|100%| O|  |TAMS 0x0000000782c9c000, 0x0000000782c00000| Untracked 
|  45|0x0000000782d00000, 0x0000000782e00000, 0x0000000782e00000|100%|HS|  |TAMS 0x0000000782e00000, 0x0000000782d00000| Complete 
|  46|0x0000000782e00000, 0x0000000782f00000, 0x0000000782f00000|100%|HC|  |TAMS 0x0000000782f00000, 0x0000000782e00000| Complete 
|  47|0x0000000782f00000, 0x0000000783000000, 0x0000000783000000|100%|HC|  |TAMS 0x0000000783000000, 0x0000000782f00000| Complete 
|  48|0x0000000783000000, 0x0000000783100000, 0x0000000783100000|100%|HC|  |TAMS 0x0000000783100000, 0x0000000783000000| Complete 
|  49|0x0000000783100000, 0x0000000783200000, 0x0000000783200000|100%|HC|  |TAMS 0x0000000783200000, 0x0000000783100000| Complete 
|  50|0x0000000783200000, 0x0000000783300000, 0x0000000783300000|100%|HC|  |TAMS 0x0000000783300000, 0x0000000783200000| Complete 
|  51|0x0000000783300000, 0x0000000783400000, 0x0000000783400000|100%|HC|  |TAMS 0x0000000783400000, 0x0000000783300000| Complete 
|  52|0x0000000783400000, 0x0000000783500000, 0x0000000783500000|100%|HC|  |TAMS 0x0000000783500000, 0x0000000783400000| Complete 
|  53|0x0000000783500000, 0x0000000783600000, 0x0000000783600000|100%|HC|  |TAMS 0x0000000783600000, 0x0000000783500000| Complete 
|  54|0x0000000783600000, 0x0000000783700000, 0x0000000783700000|100%|HC|  |TAMS 0x0000000783700000, 0x0000000783600000| Complete 
|  55|0x0000000783700000, 0x0000000783800000, 0x0000000783800000|100%|HC|  |TAMS 0x0000000783800000, 0x0000000783700000| Complete 
|  56|0x0000000783800000, 0x0000000783900000, 0x0000000783900000|100%|HC|  |TAMS 0x0000000783900000, 0x0000000783800000| Complete 
|  57|0x0000000783900000, 0x0000000783a00000, 0x0000000783a00000|100%|HC|  |TAMS 0x0000000783a00000, 0x0000000783900000| Complete 
|  58|0x0000000783a00000, 0x0000000783b00000, 0x0000000783b00000|100%|HC|  |TAMS 0x0000000783b00000, 0x0000000783a00000| Complete 
|  59|0x0000000783b00000, 0x0000000783c00000, 0x0000000783c00000|100%|HC|  |TAMS 0x0000000783c00000, 0x0000000783b00000| Complete 
|  60|0x0000000783c00000, 0x0000000783d00000, 0x0000000783d00000|100%|HC|  |TAMS 0x0000000783d00000, 0x0000000783c00000| Complete 
|  61|0x0000000783d00000, 0x0000000783e00000, 0x0000000783e00000|100%|HC|  |TAMS 0x0000000783e00000, 0x0000000783d00000| Complete 
|  62|0x0000000783e00000, 0x0000000783f00000, 0x0000000783f00000|100%|HS|  |TAMS 0x0000000783f00000, 0x0000000783e00000| Complete 
|  63|0x0000000783f00000, 0x0000000784000000, 0x0000000784000000|100%|HC|  |TAMS 0x0000000784000000, 0x0000000783f00000| Complete 
|  64|0x0000000784000000, 0x0000000784100000, 0x0000000784100000|100%|HC|  |TAMS 0x0000000784100000, 0x0000000784000000| Complete 
|  65|0x0000000784100000, 0x0000000784200000, 0x0000000784200000|100%|HC|  |TAMS 0x0000000784200000, 0x0000000784100000| Complete 
|  66|0x0000000784200000, 0x0000000784300000, 0x0000000784300000|100%|HC|  |TAMS 0x0000000784300000, 0x0000000784200000| Complete 
|  67|0x0000000784300000, 0x0000000784400000, 0x0000000784400000|100%|HC|  |TAMS 0x0000000784400000, 0x0000000784300000| Complete 
|  68|0x0000000784400000, 0x0000000784500000, 0x0000000784500000|100%|HC|  |TAMS 0x0000000784500000, 0x0000000784400000| Complete 
|  69|0x0000000784500000, 0x0000000784600000, 0x0000000784600000|100%|HC|  |TAMS 0x0000000784600000, 0x0000000784500000| Complete 
|  70|0x0000000784600000, 0x0000000784700000, 0x0000000784700000|100%|HC|  |TAMS 0x0000000784700000, 0x0000000784600000| Complete 
|  71|0x0000000784700000, 0x0000000784800000, 0x0000000784800000|100%|HC|  |TAMS 0x0000000784800000, 0x0000000784700000| Complete 
|  72|0x0000000784800000, 0x0000000784900000, 0x0000000784900000|100%|HC|  |TAMS 0x0000000784900000, 0x0000000784800000| Complete 
|  73|0x0000000784900000, 0x0000000784a00000, 0x0000000784a00000|100%|HC|  |TAMS 0x0000000784a00000, 0x0000000784900000| Complete 
|  74|0x0000000784a00000, 0x0000000784b00000, 0x0000000784b00000|100%|HC|  |TAMS 0x0000000784b00000, 0x0000000784a00000| Complete 
|  75|0x0000000784b00000, 0x0000000784c00000, 0x0000000784c00000|100%|HC|  |TAMS 0x0000000784c00000, 0x0000000784b00000| Complete 
|  76|0x0000000784c00000, 0x0000000784d00000, 0x0000000784d00000|100%|HC|  |TAMS 0x0000000784d00000, 0x0000000784c00000| Complete 
|  77|0x0000000784d00000, 0x0000000784e00000, 0x0000000784e00000|100%|HC|  |TAMS 0x0000000784e00000, 0x0000000784d00000| Complete 
|  78|0x0000000784e00000, 0x0000000784f00000, 0x0000000784f00000|100%|HC|  |TAMS 0x0000000784f00000, 0x0000000784e00000| Complete 
|  79|0x0000000784f00000, 0x0000000784f00000, 0x0000000785000000|  0%| F|  |TAMS 0x0000000784f00000, 0x0000000784f00000| Untracked 
|  80|0x0000000785000000, 0x0000000785000000, 0x0000000785100000|  0%| F|  |TAMS 0x0000000785000000, 0x0000000785000000| Untracked 
|  81|0x0000000785100000, 0x0000000785100000, 0x0000000785200000|  0%| F|  |TAMS 0x0000000785100000, 0x0000000785100000| Untracked 
|  82|0x0000000785200000, 0x0000000785200000, 0x0000000785300000|  0%| F|  |TAMS 0x0000000785200000, 0x0000000785200000| Untracked 
|  83|0x0000000785300000, 0x0000000785300000, 0x0000000785400000|  0%| F|  |TAMS 0x0000000785300000, 0x0000000785300000| Untracked 
|  84|0x0000000785400000, 0x0000000785400000, 0x0000000785500000|  0%| F|  |TAMS 0x0000000785400000, 0x0000000785400000| Untracked 
|  85|0x0000000785500000, 0x0000000785500000, 0x0000000785600000|  0%| F|  |TAMS 0x0000000785500000, 0x0000000785500000| Untracked 
|  86|0x0000000785600000, 0x0000000785600000, 0x0000000785700000|  0%| F|  |TAMS 0x0000000785600000, 0x0000000785600000| Untracked 
|  87|0x0000000785700000, 0x0000000785700000, 0x0000000785800000|  0%| F|  |TAMS 0x0000000785700000, 0x0000000785700000| Untracked 
|  88|0x0000000785800000, 0x0000000785800000, 0x0000000785900000|  0%| F|  |TAMS 0x0000000785800000, 0x0000000785800000| Untracked 
|  89|0x0000000785900000, 0x0000000785900000, 0x0000000785a00000|  0%| F|  |TAMS 0x0000000785900000, 0x0000000785900000| Untracked 
|  90|0x0000000785a00000, 0x0000000785a00000, 0x0000000785b00000|  0%| F|  |TAMS 0x0000000785a00000, 0x0000000785a00000| Untracked 
|  91|0x0000000785b00000, 0x0000000785b00000, 0x0000000785c00000|  0%| F|  |TAMS 0x0000000785b00000, 0x0000000785b00000| Untracked 
|  92|0x0000000785c00000, 0x0000000785c00000, 0x0000000785d00000|  0%| F|  |TAMS 0x0000000785c00000, 0x0000000785c00000| Untracked 
|  93|0x0000000785d00000, 0x0000000785d00000, 0x0000000785e00000|  0%| F|  |TAMS 0x0000000785d00000, 0x0000000785d00000| Untracked 
|  94|0x0000000785e00000, 0x0000000785e00000, 0x0000000785f00000|  0%| F|  |TAMS 0x0000000785e00000, 0x0000000785e00000| Untracked 
|  95|0x0000000785f00000, 0x0000000785f00000, 0x0000000786000000|  0%| F|  |TAMS 0x0000000785f00000, 0x0000000785f00000| Untracked 
|  96|0x0000000786000000, 0x0000000786000000, 0x0000000786100000|  0%| F|  |TAMS 0x0000000786000000, 0x0000000786000000| Untracked 
|  97|0x0000000786100000, 0x0000000786100000, 0x0000000786200000|  0%| F|  |TAMS 0x0000000786100000, 0x0000000786100000| Untracked 
|  98|0x0000000786200000, 0x0000000786200000, 0x0000000786300000|  0%| F|  |TAMS 0x0000000786200000, 0x0000000786200000| Untracked 
|  99|0x0000000786300000, 0x0000000786300000, 0x0000000786400000|  0%| F|  |TAMS 0x0000000786300000, 0x0000000786300000| Untracked 
| 100|0x0000000786400000, 0x0000000786400000, 0x0000000786500000|  0%| F|  |TAMS 0x0000000786400000, 0x0000000786400000| Untracked 
| 101|0x0000000786500000, 0x0000000786500000, 0x0000000786600000|  0%| F|  |TAMS 0x0000000786500000, 0x0000000786500000| Untracked 
| 102|0x0000000786600000, 0x0000000786600000, 0x0000000786700000|  0%| F|  |TAMS 0x0000000786600000, 0x0000000786600000| Untracked 
| 103|0x0000000786700000, 0x0000000786700000, 0x0000000786800000|  0%| F|  |TAMS 0x0000000786700000, 0x0000000786700000| Untracked 
| 104|0x0000000786800000, 0x0000000786800000, 0x0000000786900000|  0%| F|  |TAMS 0x0000000786800000, 0x0000000786800000| Untracked 
| 105|0x0000000786900000, 0x0000000786900000, 0x0000000786a00000|  0%| F|  |TAMS 0x0000000786900000, 0x0000000786900000| Untracked 
| 106|0x0000000786a00000, 0x0000000786a00000, 0x0000000786b00000|  0%| F|  |TAMS 0x0000000786a00000, 0x0000000786a00000| Untracked 
| 107|0x0000000786b00000, 0x0000000786b00000, 0x0000000786c00000|  0%| F|  |TAMS 0x0000000786b00000, 0x0000000786b00000| Untracked 
| 108|0x0000000786c00000, 0x0000000786c00000, 0x0000000786d00000|  0%| F|  |TAMS 0x0000000786c00000, 0x0000000786c00000| Untracked 
| 109|0x0000000786d00000, 0x0000000786d00000, 0x0000000786e00000|  0%| F|  |TAMS 0x0000000786d00000, 0x0000000786d00000| Untracked 
| 110|0x0000000786e00000, 0x0000000786e00000, 0x0000000786f00000|  0%| F|  |TAMS 0x0000000786e00000, 0x0000000786e00000| Untracked 
| 111|0x0000000786f00000, 0x0000000786f00000, 0x0000000787000000|  0%| F|  |TAMS 0x0000000786f00000, 0x0000000786f00000| Untracked 
| 112|0x0000000787000000, 0x0000000787000000, 0x0000000787100000|  0%| F|  |TAMS 0x0000000787000000, 0x0000000787000000| Untracked 
| 113|0x0000000787100000, 0x0000000787100000, 0x0000000787200000|  0%| F|  |TAMS 0x0000000787100000, 0x0000000787100000| Untracked 
| 114|0x0000000787200000, 0x0000000787200000, 0x0000000787300000|  0%| F|  |TAMS 0x0000000787200000, 0x0000000787200000| Untracked 
| 115|0x0000000787300000, 0x0000000787300000, 0x0000000787400000|  0%| F|  |TAMS 0x0000000787300000, 0x0000000787300000| Untracked 
| 116|0x0000000787400000, 0x0000000787400000, 0x0000000787500000|  0%| F|  |TAMS 0x0000000787400000, 0x0000000787400000| Untracked 
| 117|0x0000000787500000, 0x0000000787500000, 0x0000000787600000|  0%| F|  |TAMS 0x0000000787500000, 0x0000000787500000| Untracked 
| 118|0x0000000787600000, 0x0000000787600000, 0x0000000787700000|  0%| F|  |TAMS 0x0000000787600000, 0x0000000787600000| Untracked 
| 119|0x0000000787700000, 0x0000000787700000, 0x0000000787800000|  0%| F|  |TAMS 0x0000000787700000, 0x0000000787700000| Untracked 
| 120|0x0000000787800000, 0x0000000787800000, 0x0000000787900000|  0%| F|  |TAMS 0x0000000787800000, 0x0000000787800000| Untracked 
| 121|0x0000000787900000, 0x0000000787900000, 0x0000000787a00000|  0%| F|  |TAMS 0x0000000787900000, 0x0000000787900000| Untracked 
| 122|0x0000000787a00000, 0x0000000787a00000, 0x0000000787b00000|  0%| F|  |TAMS 0x0000000787a00000, 0x0000000787a00000| Untracked 
| 123|0x0000000787b00000, 0x0000000787b00000, 0x0000000787c00000|  0%| F|  |TAMS 0x0000000787b00000, 0x0000000787b00000| Untracked 
| 124|0x0000000787c00000, 0x0000000787c00000, 0x0000000787d00000|  0%| F|  |TAMS 0x0000000787c00000, 0x0000000787c00000| Untracked 
| 125|0x0000000787d00000, 0x0000000787d37a80, 0x0000000787e00000| 21%| S|CS|TAMS 0x0000000787d00000, 0x0000000787d00000| Complete 
| 126|0x0000000787e00000, 0x0000000787e00800, 0x0000000787f00000|  0%| E|  |TAMS 0x0000000787e00000, 0x0000000787e00000| Complete 
| 127|0x0000000787f00000, 0x0000000788000000, 0x0000000788000000|100%| E|CS|TAMS 0x0000000787f00000, 0x0000000787f00000| Complete 
|1022|0x00000007bfe00000, 0x00000007bfe46000, 0x00000007bff00000| 27%|OA|  |TAMS 0x00000007bfe46000, 0x00000007bfe00000| Untracked 
|1023|0x00000007bff00000, 0x00000007bff6f000, 0x00000007c0000000| 43%|CA|  |TAMS 0x00000007bff6f000, 0x00000007bff00000| Untracked 

Card table byte_map: [0x0000000104c86000,0x0000000105086000] _byte_map_base: 0x0000000101086000

Marking Bits (Prev, Next): (CMBitMap*) 0x00007fe307002a18, (CMBitMap*) 0x00007fe307002a58
 Prev Bits: [0x000000011d15d000, 0x000000011f15d000)
 Next Bits: [0x000000011f15d000, 0x000000012115d000)

Polling page: 0x0000000102dea000

Metaspace:

Usage:
  Non-class:      8.14 MB capacity,     7.96 MB ( 98%) used,   151.22 KB (  2%) free+waste,    30.38 KB ( <1%) overhead. 
      Class:      1.15 MB capacity,   996.90 KB ( 84%) used,   166.54 KB ( 14%) free+waste,    18.56 KB (  2%) overhead. 
       Both:      9.29 MB capacity,     8.93 MB ( 96%) used,   317.76 KB (  3%) free+waste,    48.94 KB ( <1%) overhead. 

Virtual space:
  Non-class space:       10.00 MB reserved,       8.25 MB ( 82%) committed 
      Class space:        1.00 GB reserved,       1.25 MB ( <1%) committed 
             Both:        1.01 GB reserved,       9.50 MB ( <1%) committed 

Chunk freelists:
   Non-Class:  7.25 KB
       Class:  3.25 KB
        Both:  10.50 KB

CodeHeap 'non-profiled nmethods': size=120032Kb used=624Kb max_used=624Kb free=119407Kb
 bounds [0x0000000115c25000, 0x0000000115e95000, 0x000000011d15d000]
CodeHeap 'profiled nmethods': size=120028Kb used=3585Kb max_used=3585Kb free=116442Kb
 bounds [0x000000010e6ee000, 0x000000010ea7e000, 0x0000000115c25000]
CodeHeap 'non-nmethods': size=5700Kb used=1225Kb max_used=1264Kb free=4475Kb
 bounds [0x000000010e15d000, 0x000000010e3cd000, 0x000000010e6ee000]
 total_blobs=2463 nmethods=1519 adapters=514
 compilation: enabled
              stopped_count=0, restarted_count=0
 full_count=0

Compilation events (10 events):
Event: 1280.429 Thread 0x00007fe308032800 1565       3       java.lang.ref.Reference::clear (6 bytes)
Event: 1280.429 Thread 0x00007fe308032800 nmethod 1565 0x000000010e730190 code [0x000000010e730340, 0x000000010e7304f0]
Event: 1280.429 Thread 0x00007fe308032800 1566   !   3       java.lang.ref.ReferenceQueue::remove (125 bytes)
Event: 1280.430 Thread 0x00007fe308032800 nmethod 1566 0x000000010ea6e790 code [0x000000010ea6e9c0, 0x000000010ea6f2b8]
Event: 1280.434 Thread 0x00007fe308032800 1567       3       sun.font.FontUtilities::getFont2D (8 bytes)
Event: 1280.434 Thread 0x00007fe308032800 nmethod 1567 0x000000010ea6f610 code [0x000000010ea6f7e0, 0x000000010ea6fba8]
Event: 1280.435 Thread 0x00007fe308032800 1568       3       java.awt.font.FontRenderContext::hashCode (71 bytes)
Event: 1280.435 Thread 0x00007fe308032800 nmethod 1568 0x000000010ea6fd10 code [0x000000010ea6ff60, 0x000000010ea70988]
Event: 1280.435 Thread 0x00007fe308032800 1569       3       sun.font.FontDesignMetrics::getAscent (10 bytes)
Event: 1280.435 Thread 0x00007fe308032800 nmethod 1569 0x000000010e73b810 code [0x000000010e73b9c0, 0x000000010e73bb70]

GC Heap History (4 events):
Event: 1280.233 GC heap before
{Heap before GC invocations=0 (full 0):
 garbage-first heap   total 133120K, used 61140K [0x0000000780000000, 0x0000000800000000)
  region size 1024K, 16 young (16384K), 0 survivors (0K)
 Metaspace       used 9141K, capacity 9484K, committed 9728K, reserved 1058816K
  class space    used 993K, capacity 1150K, committed 1280K, reserved 1048576K
}
Event: 1280.320 GC heap after
{Heap after GC invocations=1 (full 0):
 garbage-first heap   total 133120K, used 49476K [0x0000000780000000, 0x0000000800000000)
  region size 1024K, 3 young (3072K), 3 survivors (3072K)
 Metaspace       used 9141K, capacity 9484K, committed 9728K, reserved 1058816K
  class space    used 993K, capacity 1150K, committed 1280K, reserved 1048576K
}
Event: 1280.392 GC heap before
{Heap before GC invocations=2 (full 0):
 garbage-first heap   total 133120K, used 57668K [0x0000000780000000, 0x0000000800000000)
  region size 1024K, 5 young (5120K), 3 survivors (3072K)
 Metaspace       used 9142K, capacity 9484K, committed 9728K, reserved 1058816K
  class space    used 994K, capacity 1150K, committed 1280K, reserved 1048576K
}
Event: 1280.413 GC heap after
{Heap after GC invocations=3 (full 0):
 garbage-first heap   total 133120K, used 57175K [0x0000000780000000, 0x0000000800000000)
  region size 1024K, 1 young (1024K), 1 survivors (1024K)
 Metaspace       used 9142K, capacity 9484K, committed 9728K, reserved 1058816K
  class space    used 994K, capacity 1150K, committed 1280K, reserved 1048576K
}

Deoptimization events (10 events):
Event: 24.615 Thread 0x00007fe308806000 Uncommon trap: reason=unstable_if action=reinterpret pc=0x0000000115c97bb8 method=java.io.File.exists()Z @ 34 c2
Event: 24.615 Thread 0x00007fe308806000 Uncommon trap: reason=unstable_if action=reinterpret pc=0x0000000115c95d94 method=java.io.File.isInvalid()Z @ 4 c2
Event: 24.664 Thread 0x00007fe3080b3000 Uncommon trap: reason=unstable_if action=reinterpret pc=0x0000000115c72b0c method=java.security.AccessControlContext.optimize()Ljava/security/AccessControlContext; @ 49 c2
Event: 56.857 Thread 0x00007fe30714c000 Uncommon trap: reason=unstable_if action=reinterpret pc=0x0000000115c7b76c method=java.awt.Container.getMouseEventTargetImpl(IIZLjava/awt/Container$EventTargetFilter;ZZ)Ljava/awt/Component; @ 218 c2
Event: 1179.794 Thread 0x00007fe30714c000 Uncommon trap: reason=unstable_if action=reinterpret pc=0x0000000115cb6f90 method=java.awt.EventQueue.getPriority(Ljava/awt/AWTEvent;)I @ 71 c2
Event: 1179.794 Thread 0x00007fe30714c000 Uncommon trap: reason=unstable_if action=reinterpret pc=0x0000000115c7efac method=java.awt.EventQueue.eventToCacheIndex(Ljava/awt/AWTEvent;)I @ 4 c2
Event: 1196.238 Thread 0x00007fe30601b000 Uncommon trap: reason=bimorphic_or_optimized_type_check action=maybe_recompile pc=0x0000000115c8c630 method=java.util.HashMap.getNode(ILjava/lang/Object;)Ljava/util/HashMap$Node; @ 126 c2
Event: 1196.253 Thread 0x00007fe30601b000 Uncommon trap: reason=bimorphic_or_optimized_type_check action=maybe_recompile pc=0x0000000115c8c630 method=java.util.HashMap.getNode(ILjava/lang/Object;)Ljava/util/HashMap$Node; @ 126 c2
Event: 1196.253 Thread 0x00007fe30601b000 Uncommon trap: reason=bimorphic_or_optimized_type_check action=maybe_recompile pc=0x0000000115c8c630 method=java.util.HashMap.getNode(ILjava/lang/Object;)Ljava/util/HashMap$Node; @ 126 c2
Event: 1196.253 Thread 0x00007fe30601b000 Uncommon trap: reason=bimorphic_or_optimized_type_check action=maybe_recompile pc=0x0000000115c8c630 method=java.util.HashMap.getNode(ILjava/lang/Object;)Ljava/util/HashMap$Node; @ 126 c2

Classes redefined (0 events):
No events

Internal exceptions (10 events):
Event: 0.590 Thread 0x00007fe308806000 Exception <a 'java/lang/NoSuchMethodError'{0x0000000787a67360}: java.lang.invoke.DirectMethodHandle$Holder.invokeStatic(Ljava/lang/Object;JJ)V> (0x0000000787a67360) thrown at [/scratch/mesos/slaves/07fc96ef-bf4d-487f-b22f-a84e49f5f44a-S132128/frameworks/1
Event: 0.592 Thread 0x00007fe308806000 Exception <a 'java/lang/NoSuchMethodError'{0x0000000787a727b8}: java.lang.invoke.Invokers$Holder.linkToTargetMethod(Ljava/lang/Object;ILjava/lang/Object;)Ljava/lang/Object;> (0x0000000787a727b8) thrown at [/scratch/mesos/slaves/07fc96ef-bf4d-487f-b22f-a84
Event: 22.773 Thread 0x00007fe308806000 Exception <a 'java/lang/NoSuchMethodError'{0x0000000787213fe0}: java.lang.invoke.DirectMethodHandle$Holder.invokeStatic(Ljava/lang/Object;Ljava/lang/Object;JLjava/lang/Object;)Ljava/lang/Object;> (0x0000000787213fe0) thrown at [/scratch/mesos/slaves/07fc9
Event: 22.773 Thread 0x00007fe308806000 Exception <a 'java/lang/NoSuchMethodError'{0x0000000787216cc0}: java.lang.invoke.DirectMethodHandle$Holder.invokeStaticInit(Ljava/lang/Object;Ljava/lang/Object;JLjava/lang/Object;)Ljava/lang/Object;> (0x0000000787216cc0) thrown at [/scratch/mesos/slaves/0
Event: 22.774 Thread 0x00007fe308806000 Exception <a 'java/lang/NoSuchMethodError'{0x000000078721c3e0}: java.lang.invoke.Invokers$Holder.linkToTargetMethod(Ljava/lang/Object;JLjava/lang/Object;)Ljava/lang/Object;> (0x000000078721c3e0) thrown at [/scratch/mesos/slaves/07fc96ef-bf4d-487f-b22f-a84
Event: 22.776 Thread 0x00007fe308806000 Exception <a 'java/lang/NoSuchMethodError'{0x0000000787222280}: java.lang.invoke.DirectMethodHandle$Holder.invokeStatic(Ljava/lang/Object;Ljava/lang/Object;Ljava/lang/Object;I)Ljava/lang/Object;> (0x0000000787222280) thrown at [/scratch/mesos/slaves/07fc9
Event: 22.776 Thread 0x00007fe308806000 Exception <a 'java/lang/NoSuchMethodError'{0x0000000787225710}: java.lang.invoke.DirectMethodHandle$Holder.invokeSpecial(Ljava/lang/Object;Ljava/lang/Object;Ljava/lang/Object;Ljava/lang/Object;I)Ljava/lang/Object;> (0x0000000787225710) thrown at [/scratch
Event: 22.776 Thread 0x00007fe308806000 Exception <a 'java/lang/NoSuchMethodError'{0x0000000787228518}: java.lang.invoke.Invokers$Holder.linkToTargetMethod(Ljava/lang/Object;Ljava/lang/Object;ILjava/lang/Object;)Ljava/lang/Object;> (0x0000000787228518) thrown at [/scratch/mesos/slaves/07fc96ef-
Event: 24.664 Thread 0x00007fe3080b3000 Implicit null exception at 0x0000000115c72890 to 0x0000000115c72af6
Event: 1280.426 Thread 0x00007fe307004800 Exception <a 'java/lang/NullPointerException'{0x0000000787fbe7b0}> (0x0000000787fbe7b0) thrown at [/scratch/mesos/slaves/07fc96ef-bf4d-487f-b22f-a84e49f5f44a-S132128/frameworks/1735e8a2-a1db-478c-8104-60c8b0af87dd-0196/executors/d114875b-3e52-427a-b654-fb

Events (10 events):
Event: 1280.427 Executing VM operation: RevokeBias
Event: 1280.428 Executing VM operation: RevokeBias done
Event: 1280.428 Executing VM operation: RevokeBias
Event: 1280.428 Executing VM operation: RevokeBias done
Event: 1280.428 Executing VM operation: RevokeBias
Event: 1280.428 Executing VM operation: RevokeBias done
Event: 1280.428 Executing VM operation: RevokeBias
Event: 1280.428 Executing VM operation: RevokeBias done
Event: 1280.428 Executing VM operation: BulkRevokeBias
Event: 1280.428 Executing VM operation: BulkRevokeBias done


Dynamic libraries:
0x00007fff65b98000 	/usr/lib/libz.1.dylib
0x0000000102061000 	/Library/Java/JavaVirtualMachines/jdk-12.jdk/Contents/Home/lib/libjli.dylib
0x00007fff382ee000 	/System/Library/Frameworks/Cocoa.framework/Versions/A/Cocoa
0x00007fff445ad000 	/System/Library/Frameworks/Security.framework/Versions/A/Security
0x00007fff36ef5000 	/System/Library/Frameworks/ApplicationServices.framework/Versions/A/ApplicationServices
0x00007fff6320d000 	/usr/lib/libSystem.B.dylib
0x00007fff65c1b000 	/usr/lib/system/libcache.dylib
0x00007fff65c20000 	/usr/lib/system/libcommonCrypto.dylib
0x00007fff65c2b000 	/usr/lib/system/libcompiler_rt.dylib
0x00007fff65c33000 	/usr/lib/system/libcopyfile.dylib
0x00007fff65c3d000 	/usr/lib/system/libcorecrypto.dylib
0x00007fff65d48000 	/usr/lib/system/libdispatch.dylib
0x00007fff65d83000 	/usr/lib/system/libdyld.dylib
0x00007fff65db3000 	/usr/lib/system/libkeymgr.dylib
0x00007fff65dc1000 	/usr/lib/system/liblaunch.dylib
0x00007fff65dc2000 	/usr/lib/system/libmacho.dylib
0x00007fff65dc8000 	/usr/lib/system/libquarantine.dylib
0x00007fff65dcb000 	/usr/lib/system/libremovefile.dylib
0x00007fff65dcd000 	/usr/lib/system/libsystem_asl.dylib
0x00007fff65de5000 	/usr/lib/system/libsystem_blocks.dylib
0x00007fff65de6000 	/usr/lib/system/libsystem_c.dylib
0x00007fff65e6f000 	/usr/lib/system/libsystem_configuration.dylib
0x00007fff65e73000 	/usr/lib/system/libsystem_coreservices.dylib
0x00007fff65e77000 	/usr/lib/system/libsystem_darwin.dylib
0x00007fff65e7e000 	/usr/lib/system/libsystem_dnssd.dylib
0x00007fff65e85000 	/usr/lib/system/libsystem_info.dylib
0x00007fff65efb000 	/usr/lib/system/libsystem_m.dylib
0x00007fff65f47000 	/usr/lib/system/libsystem_malloc.dylib
0x00007fff65f6c000 	/usr/lib/system/libsystem_networkextension.dylib
0x00007fff65f78000 	/usr/lib/system/libsystem_notify.dylib
0x00007fff65f95000 	/usr/lib/system/libsystem_sandbox.dylib
0x00007fff65f99000 	/usr/lib/system/libsystem_secinit.dylib
0x00007fff65ed2000 	/usr/lib/system/libsystem_kernel.dylib
0x00007fff65f80000 	/usr/lib/system/libsystem_platform.dylib
0x00007fff65f8a000 	/usr/lib/system/libsystem_pthread.dylib
0x00007fff65f9c000 	/usr/lib/system/libsystem_symptoms.dylib
0x00007fff65fa4000 	/usr/lib/system/libsystem_trace.dylib
0x00007fff65fbb000 	/usr/lib/system/libunwind.dylib
0x00007fff65fc1000 	/usr/lib/system/libxpc.dylib
0x00007fff64cb5000 	/usr/lib/libobjc.A.dylib
0x00007fff634bf000 	/usr/lib/libc++abi.dylib
0x00007fff63467000 	/usr/lib/libc++.1.dylib
0x00007fff38b11000 	/System/Library/Frameworks/CoreFoundation.framework/Versions/A/CoreFoundation
0x00007fff3ae96000 	/System/Library/Frameworks/Foundation.framework/Versions/C/Foundation
0x00007fff36082000 	/System/Library/Frameworks/AppKit.framework/Versions/C/AppKit
0x00007fff38685000 	/System/Library/Frameworks/CoreData.framework/Versions/A/CoreData
0x00007fff5c3db000 	/System/Library/PrivateFrameworks/RemoteViewServices.framework/Versions/A/RemoteViewServices
0x00007fff60edb000 	/System/Library/PrivateFrameworks/UIFoundation.framework/Versions/A/UIFoundation
0x00007fff62693000 	/System/Library/PrivateFrameworks/XCTTargetBootstrap.framework/Versions/A/XCTTargetBootstrap
0x00007fff56ee2000 	/System/Library/PrivateFrameworks/IconServices.framework/Versions/A/IconServices
0x00007fff3d760000 	/System/Library/Frameworks/Metal.framework/Versions/A/Metal
0x00007fff4e0e4000 	/System/Library/PrivateFrameworks/DesktopServicesPriv.framework/Versions/A/DesktopServicesPriv
0x00007fff63fc8000 	/usr/lib/libenergytrace.dylib
0x00007fff5ec4c000 	/System/Library/PrivateFrameworks/SkyLight.framework/Versions/A/SkyLight
0x00007fff38f60000 	/System/Library/Frameworks/CoreGraphics.framework/Versions/A/CoreGraphics
0x00007fff34e3d000 	/System/Library/Frameworks/Accelerate.framework/Versions/A/Accelerate
0x00007fff3b620000 	/System/Library/Frameworks/IOSurface.framework/Versions/A/IOSurface
0x00007fff4df46000 	/System/Library/PrivateFrameworks/DFRFoundation.framework/Versions/A/DFRFoundation
0x00007fff373fa000 	/System/Library/Frameworks/AudioToolbox.framework/Versions/A/AudioToolbox
0x00007fff37699000 	/System/Library/Frameworks/AudioUnit.framework/Versions/A/AudioUnit
0x00007fff4dfdd000 	/System/Library/PrivateFrameworks/DataDetectorsCore.framework/Versions/A/DataDetectorsCore
0x00007fff37dd8000 	/System/Library/Frameworks/Carbon.framework/Versions/A/Frameworks/HIToolbox.framework/Versions/A/HIToolbox
0x00007fff64123000 	/usr/lib/libicucore.A.dylib
0x00007fff43b00000 	/System/Library/Frameworks/QuartzCore.framework/Versions/A/QuartzCore
0x00007fff381bf000 	/System/Library/Frameworks/Carbon.framework/Versions/A/Frameworks/SpeechRecognition.framework/Versions/A/SpeechRecognition
0x00007fff63370000 	/usr/lib/libauto.dylib
0x00007fff65a8b000 	/usr/lib/libxml2.2.dylib
0x00007fff4db45000 	/System/Library/PrivateFrameworks/CoreUI.framework/Versions/A/CoreUI
0x00007fff38563000 	/System/Library/Frameworks/CoreAudio.framework/Versions/A/CoreAudio
0x00007fff3acc8000 	/System/Library/Frameworks/DiskArbitration.framework/Versions/A/DiskArbitration
0x00007fff643d3000 	/usr/lib/liblangid.dylib
0x00007fff58392000 	/System/Library/PrivateFrameworks/MultitouchSupport.framework/Versions/A/MultitouchSupport
0x00007fff3b58b000 	/System/Library/Frameworks/IOKit.framework/Versions/A/IOKit
0x00007fff62e5b000 	/usr/lib/libDiagnosticMessagesClient.dylib
0x00007fff39dce000 	/System/Library/Frameworks/CoreServices.framework/Versions/A/CoreServices
0x00007fff5a0c8000 	/System/Library/PrivateFrameworks/PerformanceAnalysis.framework/Versions/A/PerformanceAnalysis
0x00007fff42c95000 	/System/Library/Frameworks/OpenGL.framework/Versions/A/OpenGL
0x00007fff382fc000 	/System/Library/Frameworks/ColorSync.framework/Versions/A/ColorSync
0x00007fff395ef000 	/System/Library/Frameworks/CoreImage.framework/Versions/A/CoreImage
0x00007fff3a811000 	/System/Library/Frameworks/CoreText.framework/Versions/A/CoreText
0x00007fff3b681000 	/System/Library/Frameworks/ImageIO.framework/Versions/A/ImageIO
0x00007fff4a180000 	/System/Library/PrivateFrameworks/Backup.framework/Versions/A/Backup
0x00007fff632c3000 	/usr/lib/libarchive.2.dylib
0x00007fff379fd000 	/System/Library/Frameworks/CFNetwork.framework/Versions/A/CFNetwork
0x00007fff44d58000 	/System/Library/Frameworks/SystemConfiguration.framework/Versions/A/SystemConfiguration
0x00007fff62d84000 	/usr/lib/libCRFSuite.dylib
0x00007fff63447000 	/usr/lib/libbsm.0.dylib
0x00007fff65db4000 	/usr/lib/system/libkxld.dylib
0x00007fff4942d000 	/System/Library/PrivateFrameworks/AppleFSCompression.framework/Versions/A/AppleFSCompression
0x00007fff630cc000 	/usr/lib/libOpenScriptingUtil.dylib
0x00007fff637aa000 	/usr/lib/libcoretls.dylib
0x00007fff637c1000 	/usr/lib/libcoretls_cfhelpers.dylib
0x00007fff6544e000 	/usr/lib/libpam.2.dylib
0x00007fff65611000 	/usr/lib/libsqlite3.dylib
0x00007fff65a79000 	/usr/lib/libxar.1.dylib
0x00007fff63458000 	/usr/lib/libbz2.1.0.dylib
0x00007fff643d5000 	/usr/lib/liblzma.5.dylib
0x00007fff648cb000 	/usr/lib/libnetwork.dylib
0x00007fff632ac000 	/usr/lib/libapple_nghttp2.dylib
0x00007fff65455000 	/usr/lib/libpcap.A.dylib
0x00007fff3a172000 	/System/Library/Frameworks/CoreServices.framework/Versions/A/Frameworks/FSEvents.framework/Versions/A/FSEvents
0x00007fff39e4e000 	/System/Library/Frameworks/CoreServices.framework/Versions/A/Frameworks/CarbonCore.framework/Versions/A/CarbonCore
0x00007fff3a347000 	/System/Library/Frameworks/CoreServices.framework/Versions/A/Frameworks/Metadata.framework/Versions/A/Metadata
0x00007fff3a3ea000 	/System/Library/Frameworks/CoreServices.framework/Versions/A/Frameworks/OSServices.framework/Versions/A/OSServices
0x00007fff3a436000 	/System/Library/Frameworks/CoreServices.framework/Versions/A/Frameworks/SearchKit.framework/Versions/A/SearchKit
0x00007fff39dcf000 	/System/Library/Frameworks/CoreServices.framework/Versions/A/Frameworks/AE.framework/Versions/A/AE
0x00007fff3a17b000 	/System/Library/Frameworks/CoreServices.framework/Versions/A/Frameworks/LaunchServices.framework/Versions/A/LaunchServices
0x00007fff3a127000 	/System/Library/Frameworks/CoreServices.framework/Versions/A/Frameworks/DictionaryServices.framework/Versions/A/DictionaryServices
0x00007fff3a4a5000 	/System/Library/Frameworks/CoreServices.framework/Versions/A/Frameworks/SharedFileList.framework/Versions/A/SharedFileList
0x00007fff3ec26000 	/System/Library/Frameworks/NetFS.framework/Versions/A/NetFS
0x00007fff5862f000 	/System/Library/PrivateFrameworks/NetAuth.framework/Versions/A/NetAuth
0x00007fff62ac7000 	/System/Library/PrivateFrameworks/login.framework/Versions/A/Frameworks/loginsupport.framework/Versions/A/loginsupport
0x00007fff60ad3000 	/System/Library/PrivateFrameworks/TCC.framework/Versions/A/TCC
0x00007fff4d14d000 	/System/Library/PrivateFrameworks/CoreNLP.framework/Versions/A/CoreNLP
0x00007fff58083000 	/System/Library/PrivateFrameworks/MetadataUtilities.framework/Versions/A/MetadataUtilities
0x00007fff644b6000 	/usr/lib/libmecabra.dylib
0x00007fff36ef6000 	/System/Library/Frameworks/ApplicationServices.framework/Versions/A/Frameworks/ATS.framework/Versions/A/ATS
0x00007fff37261000 	/System/Library/Frameworks/ApplicationServices.framework/Versions/A/Frameworks/ColorSyncLegacy.framework/Versions/A/ColorSyncLegacy
0x00007fff37302000 	/System/Library/Frameworks/ApplicationServices.framework/Versions/A/Frameworks/HIServices.framework/Versions/A/HIServices
0x00007fff37355000 	/System/Library/Frameworks/ApplicationServices.framework/Versions/A/Frameworks/LangAnalysis.framework/Versions/A/LangAnalysis
0x00007fff37364000 	/System/Library/Frameworks/ApplicationServices.framework/Versions/A/Frameworks/PrintCore.framework/Versions/A/PrintCore
0x00007fff373b1000 	/System/Library/Frameworks/ApplicationServices.framework/Versions/A/Frameworks/QD.framework/Versions/A/QD
0x00007fff373ed000 	/System/Library/Frameworks/ApplicationServices.framework/Versions/A/Frameworks/SpeechSynthesis.framework/Versions/A/SpeechSynthesis
0x00007fff634e7000 	/usr/lib/libcompression.dylib
0x00007fff38a27000 	/System/Library/Frameworks/CoreDisplay.framework/Versions/A/CoreDisplay
0x00007fff3da28000 	/System/Library/Frameworks/MetalPerformanceShaders.framework/Versions/A/MetalPerformanceShaders
0x00007fff34e55000 	/System/Library/Frameworks/Accelerate.framework/Versions/A/Frameworks/vImage.framework/Versions/A/vImage
0x00007fff35ed1000 	/System/Library/Frameworks/Accelerate.framework/Versions/A/Frameworks/vecLib.framework/Versions/A/vecLib
0x00007fff35e1b000 	/System/Library/Frameworks/Accelerate.framework/Versions/A/Frameworks/vecLib.framework/Versions/A/libvMisc.dylib
0x00007fff35c36000 	/System/Library/Frameworks/Accelerate.framework/Versions/A/Frameworks/vecLib.framework/Versions/A/libvDSP.dylib
0x00007fff354f6000 	/System/Library/Frameworks/Accelerate.framework/Versions/A/Frameworks/vecLib.framework/Versions/A/libBLAS.dylib
0x00007fff357e1000 	/System/Library/Frameworks/Accelerate.framework/Versions/A/Frameworks/vecLib.framework/Versions/A/libLAPACK.dylib
0x00007fff35b88000 	/System/Library/Frameworks/Accelerate.framework/Versions/A/Frameworks/vecLib.framework/Versions/A/libLinearAlgebra.dylib
0x00007fff35c22000 	/System/Library/Frameworks/Accelerate.framework/Versions/A/Frameworks/vecLib.framework/Versions/A/libSparseBLAS.dylib
0x00007fff35b9e000 	/System/Library/Frameworks/Accelerate.framework/Versions/A/Frameworks/vecLib.framework/Versions/A/libQuadrature.dylib
0x00007fff3576e000 	/System/Library/Frameworks/Accelerate.framework/Versions/A/Frameworks/vecLib.framework/Versions/A/libBNNS.dylib
0x00007fff35ba4000 	/System/Library/Frameworks/Accelerate.framework/Versions/A/Frameworks/vecLib.framework/Versions/A/libSparse.dylib
0x00007fff54674000 	/System/Library/PrivateFrameworks/GPUWrangler.framework/Versions/A/GPUWrangler
0x00007fff56aa9000 	/System/Library/PrivateFrameworks/IOAccelerator.framework/Versions/A/IOAccelerator
0x00007fff56ab4000 	/System/Library/PrivateFrameworks/IOPresentment.framework/Versions/A/IOPresentment
0x00007fff4df56000 	/System/Library/PrivateFrameworks/DSExternalDisplay.framework/Versions/A/DSExternalDisplay
0x00007fff420da000 	/System/Library/Frameworks/OpenGL.framework/Versions/A/Libraries/libCoreFSCache.dylib
0x00007fff3d810000 	/System/Library/Frameworks/MetalPerformanceShaders.framework/Frameworks/MPSCore.framework/Versions/A/MPSCore
0x00007fff3d831000 	/System/Library/Frameworks/MetalPerformanceShaders.framework/Frameworks/MPSImage.framework/Versions/A/MPSImage
0x00007fff3d8d9000 	/System/Library/Frameworks/MetalPerformanceShaders.framework/Frameworks/MPSNeuralNetwork.framework/Versions/A/MPSNeuralNetwork
0x00007fff3d8b0000 	/System/Library/Frameworks/MetalPerformanceShaders.framework/Frameworks/MPSMatrix.framework/Versions/A/MPSMatrix
0x00007fff3da0c000 	/System/Library/Frameworks/MetalPerformanceShaders.framework/Frameworks/MPSRayIntersector.framework/Versions/A/MPSRayIntersector
0x00007fff580ac000 	/System/Library/PrivateFrameworks/MetalTools.framework/Versions/A/MetalTools
0x00007fff48b27000 	/System/Library/PrivateFrameworks/AggregateDictionary.framework/Versions/A/AggregateDictionary
0x00007fff630ac000 	/usr/lib/libMobileGestalt.dylib
0x00007fff3a977000 	/System/Library/Frameworks/CoreVideo.framework/Versions/A/CoreVideo
0x00007fff554e4000 	/System/Library/PrivateFrameworks/GraphVisualizer.framework/Versions/A/GraphVisualizer
0x00007fff4f27f000 	/System/Library/PrivateFrameworks/FaceCore.framework/Versions/A/FaceCore
0x00007fff416f2000 	/System/Library/Frameworks/OpenCL.framework/Versions/A/OpenCL
0x00007fff62e93000 	/usr/lib/libFosl_dynamic.dylib
0x00007fff58f07000 	/System/Library/PrivateFrameworks/OTSVG.framework/Versions/A/OTSVG
0x00007fff36ffa000 	/System/Library/Frameworks/ApplicationServices.framework/Versions/A/Frameworks/ATS.framework/Versions/A/Resources/libFontParser.dylib
0x00007fff3711a000 	/System/Library/Frameworks/ApplicationServices.framework/Versions/A/Frameworks/ATS.framework/Versions/A/Resources/libFontRegistry.dylib
0x00007fff3b90b000 	/System/Library/Frameworks/ImageIO.framework/Versions/A/Resources/libJPEG.dylib
0x00007fff3bc2d000 	/System/Library/Frameworks/ImageIO.framework/Versions/A/Resources/libTIFF.dylib
0x00007fff3bc03000 	/System/Library/Frameworks/ImageIO.framework/Versions/A/Resources/libPng.dylib
0x00007fff3b820000 	/System/Library/Frameworks/ImageIO.framework/Versions/A/Resources/libGIF.dylib
0x00007fff3b825000 	/System/Library/Frameworks/ImageIO.framework/Versions/A/Resources/libJP2.dylib
0x00007fff3bc2a000 	/System/Library/Frameworks/ImageIO.framework/Versions/A/Resources/libRadiance.dylib
0x00007fff49586000 	/System/Library/PrivateFrameworks/AppleJPEG.framework/Versions/A/AppleJPEG
0x00007fff420e5000 	/System/Library/Frameworks/OpenGL.framework/Versions/A/Libraries/libGFXShared.dylib
0x00007fff422a8000 	/System/Library/Frameworks/OpenGL.framework/Versions/A/Libraries/libGLU.dylib
0x00007fff420ee000 	/System/Library/Frameworks/OpenGL.framework/Versions/A/Libraries/libGL.dylib
0x00007fff420fa000 	/System/Library/Frameworks/OpenGL.framework/Versions/A/Libraries/libGLImage.dylib
0x00007fff420d7000 	/System/Library/Frameworks/OpenGL.framework/Versions/A/Libraries/libCVMSPluginSupport.dylib
0x00007fff420e0000 	/System/Library/Frameworks/OpenGL.framework/Versions/A/Libraries/libCoreVMClient.dylib
0x00007fff63e39000 	/usr/lib/libcups.2.dylib
0x00007fff3cd25000 	/System/Library/Frameworks/Kerberos.framework/Versions/A/Kerberos
0x00007fff3b2d5000 	/System/Library/Frameworks/GSS.framework/Versions/A/GSS
0x00007fff655a5000 	/usr/lib/libresolv.9.dylib
0x00007fff64031000 	/usr/lib/libiconv.2.dylib
0x00007fff55644000 	/System/Library/PrivateFrameworks/Heimdal.framework/Versions/A/Heimdal
0x00007fff64000000 	/usr/lib/libheimdal-asn1.dylib
0x00007fff41768000 	/System/Library/Frameworks/OpenDirectory.framework/Versions/A/OpenDirectory
0x00007fff4be49000 	/System/Library/PrivateFrameworks/CommonAuth.framework/Versions/A/CommonAuth
0x00007fff4174b000 	/System/Library/Frameworks/OpenDirectory.framework/Versions/A/Frameworks/CFOpenDirectory.framework/Versions/A/CFOpenDirectory
0x00007fff448d6000 	/System/Library/Frameworks/SecurityFoundation.framework/Versions/A/SecurityFoundation
0x00007fff48036000 	/System/Library/PrivateFrameworks/APFS.framework/Versions/A/APFS
0x00007fff65a75000 	/usr/lib/libutil.dylib
0x00007fff634d5000 	/usr/lib/libcharset.1.dylib
0x00007fff49822000 	/System/Library/PrivateFrameworks/AppleSauce.framework/Versions/A/AppleSauce
0x00007fff499b0000 	/System/Library/PrivateFrameworks/AssertionServices.framework/Versions/A/AssertionServices
0x00007fff4a223000 	/System/Library/PrivateFrameworks/BaseBoard.framework/Versions/A/BaseBoard
0x00007fff64405000 	/usr/lib/libmecab.1.0.0.dylib
0x00007fff63ffa000 	/usr/lib/libgermantok.dylib
0x00007fff63298000 	/usr/lib/libThaiTokenizer.dylib
0x00007fff62dbf000 	/usr/lib/libChineseTokenizer.dylib
0x00007fff571e0000 	/System/Library/PrivateFrameworks/LanguageModeling.framework/Versions/A/LanguageModeling
0x00007fff4cb63000 	/System/Library/PrivateFrameworks/CoreEmoji.framework/Versions/A/CoreEmoji
0x00007fff572d8000 	/System/Library/PrivateFrameworks/Lexicon.framework/Versions/A/Lexicon
0x00007fff57320000 	/System/Library/PrivateFrameworks/LinguisticData.framework/Versions/A/LinguisticData
0x00007fff634d6000 	/usr/lib/libcmph.dylib
0x00007fff44997000 	/System/Library/Frameworks/ServiceManagement.framework/Versions/A/ServiceManagement
0x00007fff4a176000 	/System/Library/PrivateFrameworks/BackgroundTaskManagement.framework/Versions/A/BackgroundTaskManagement
0x00007fff65b6f000 	/usr/lib/libxslt.1.dylib
0x00007fff380ea000 	/System/Library/Frameworks/Carbon.framework/Versions/A/Frameworks/Ink.framework/Versions/A/Ink
0x00007fff60d53000 	/System/Library/PrivateFrameworks/TextureIO.framework/Versions/A/TextureIO
0x00007fff632ed000 	/usr/lib/libate.dylib
0x00007fff4deb2000 	/System/Library/PrivateFrameworks/CrashReporterSupport.framework/Versions/A/CrashReporterSupport
0x00007fff5dd74000 	/System/Library/PrivateFrameworks/Sharing.framework/Versions/A/Sharing
0x00007fff49d02000 	/System/Library/PrivateFrameworks/AuthKit.framework/Versions/A/AuthKit
0x00007fff49125000 	/System/Library/PrivateFrameworks/Apple80211.framework/Versions/A/Apple80211
0x00007fff4dc72000 	/System/Library/PrivateFrameworks/CoreUtils.framework/Versions/A/CoreUtils
0x00007fff3a9b5000 	/System/Library/Frameworks/CoreWLAN.framework/Versions/A/CoreWLAN
0x00007fff3b41f000 	/System/Library/Frameworks/IOBluetooth.framework/Versions/A/IOBluetooth
0x00007fff5c096000 	/System/Library/PrivateFrameworks/ProtocolBuffer.framework/Versions/A/ProtocolBuffer
0x00007fff582e9000 	/System/Library/PrivateFrameworks/MobileKeyBag.framework/Versions/A/MobileKeyBag
0x00007fff4d48a000 	/System/Library/PrivateFrameworks/CorePhoneNumbers.framework/Versions/A/CorePhoneNumbers
0x00007fff4953a000 	/System/Library/PrivateFrameworks/AppleIDAuthSupport.framework/Versions/A/AppleIDAuthSupport
0x00007fff571b1000 	/System/Library/PrivateFrameworks/KeychainCircle.framework/Versions/A/KeychainCircle
0x00007fff5c263000 	/System/Library/PrivateFrameworks/ROCKit.framework/Versions/A/ROCKit
0x00007fff4de4e000 	/System/Library/PrivateFrameworks/CoreWiFi.framework/Versions/A/CoreWiFi
0x00007fff38659000 	/System/Library/Frameworks/CoreBluetooth.framework/Versions/A/CoreBluetooth
0x00007fff4e0a2000 	/System/Library/PrivateFrameworks/DebugSymbols.framework/Versions/A/DebugSymbols
0x00007fff4da27000 	/System/Library/PrivateFrameworks/CoreSymbolication.framework/Versions/A/CoreSymbolication
0x00007fff6053d000 	/System/Library/PrivateFrameworks/Symbolication.framework/Versions/A/Symbolication
0x00007fff5f6cf000 	/System/Library/PrivateFrameworks/SpeechRecognitionCore.framework/Versions/A/SpeechRecognitionCore
0x0000000102080000 	/Library/Java/JavaVirtualMachines/jdk-12.jdk/Contents/Home/lib/server/libjvm.dylib
0x0000000102dde000 	/Library/Java/JavaVirtualMachines/jdk-12.jdk/Contents/Home/lib/libverify.dylib
0x0000000103e00000 	/Library/Java/JavaVirtualMachines/jdk-12.jdk/Contents/Home/lib/libjava.dylib
0x0000000102dec000 	/Library/Java/JavaVirtualMachines/jdk-12.jdk/Contents/Home/lib/libinstrument.dylib
0x0000000103e95000 	/Library/Java/JavaVirtualMachines/jdk-12.jdk/Contents/Home/lib/libzip.dylib
0x0000000103e9d000 	/Library/Java/JavaVirtualMachines/jdk-12.jdk/Contents/Home/lib/libjimage.dylib
0x0000000105c79000 	/Library/Java/JavaVirtualMachines/jdk-12.jdk/Contents/Home/lib/libnio.dylib
0x0000000123b82000 	/Library/Java/JavaVirtualMachines/jdk-12.jdk/Contents/Home/lib/./libnet.dylib
0x0000000105c87000 	/Library/Java/JavaVirtualMachines/jdk-12.jdk/Contents/Home/lib/libextnet.dylib
0x0000000123c1d000 	/Library/Java/JavaVirtualMachines/jdk-12.jdk/Contents/Home/lib/libawt.dylib
0x0000000123cb2000 	/Library/Java/JavaVirtualMachines/jdk-12.jdk/Contents/Home/lib/./libmlib_image.dylib
0x00007fff3cd0e000 	/System/Library/Frameworks/JavaVM.framework/Versions/A/Frameworks/JavaNativeFoundation.framework/Versions/A/JavaNativeFoundation
0x00007fff3cd17000 	/System/Library/Frameworks/JavaVM.framework/Versions/A/Frameworks/JavaRuntimeSupport.framework/Versions/A/JavaRuntimeSupport
0x00007fff3cd20000 	/System/Library/Frameworks/JavaVM.framework/Versions/A/JavaVM
0x00007fff570c8000 	/System/Library/PrivateFrameworks/JavaLaunching.framework/Versions/A/JavaLaunching
0x00007fff37dd3000 	/System/Library/Frameworks/Carbon.framework/Versions/A/Carbon
0x00007fff37dd4000 	/System/Library/Frameworks/Carbon.framework/Versions/A/Frameworks/CommonPanels.framework/Versions/A/CommonPanels
0x00007fff380e0000 	/System/Library/Frameworks/Carbon.framework/Versions/A/Frameworks/Help.framework/Versions/A/Help
0x00007fff380e4000 	/System/Library/Frameworks/Carbon.framework/Versions/A/Frameworks/ImageCapture.framework/Versions/A/ImageCapture
0x00007fff3817f000 	/System/Library/Frameworks/Carbon.framework/Versions/A/Frameworks/OpenScripting.framework/Versions/A/OpenScripting
0x00007fff381ba000 	/System/Library/Frameworks/Carbon.framework/Versions/A/Frameworks/Print.framework/Versions/A/Print
0x00007fff381bc000 	/System/Library/Frameworks/Carbon.framework/Versions/A/Frameworks/SecurityHI.framework/Versions/A/SecurityHI
0x0000000123d17000 	/Library/Java/JavaVirtualMachines/jdk-12.jdk/Contents/Home/lib/libawt_lwawt.dylib
0x0000000123dc1000 	/Library/Java/JavaVirtualMachines/jdk-12.jdk/Contents/Home/lib/./libosxapp.dylib
0x00007fff3ae6e000 	/System/Library/Frameworks/ExceptionHandling.framework/Versions/A/ExceptionHandling
0x0000000123ddc000 	/Library/Java/JavaVirtualMachines/jdk-12.jdk/Contents/Home/lib/libfontmanager.dylib
0x0000000123e69000 	/Library/Java/JavaVirtualMachines/jdk-12.jdk/Contents/Home/lib/./libfreetype.dylib
0x00007fff4d621000 	/System/Library/PrivateFrameworks/CoreServicesInternal.framework/Versions/A/CoreServicesInternal
0x00007fff2e9a6000 	/System/Library/CoreServices/RawCamera.bundle/Contents/MacOS/RawCamera
0x00007fff58153000 	/System/Library/PrivateFrameworks/MobileAsset.framework/Versions/A/MobileAsset
0x00007fff5fdc1000 	/System/Library/PrivateFrameworks/StreamingZip.framework/Versions/A/StreamingZip
0x00007fff3d0c0000 	/System/Library/Frameworks/MediaToolbox.framework/Versions/A/MediaToolbox
0x00007fff4c6e8000 	/System/Library/PrivateFrameworks/CoreAVCHD.framework/Versions/A/CoreAVCHD
0x00007fff3cffc000 	/System/Library/Frameworks/MediaAccessibility.framework/Versions/A/MediaAccessibility
0x00007fff57b85000 	/System/Library/PrivateFrameworks/Mangrove.framework/Versions/A/Mangrove
0x00007fff39c69000 	/System/Library/Frameworks/CoreMedia.framework/Versions/A/CoreMedia
0x00007fff45029000 	/System/Library/Frameworks/VideoToolbox.framework/Versions/A/VideoToolbox
0x00007fff4c310000 	/System/Library/PrivateFrameworks/CoreAUC.framework/Versions/A/CoreAUC
0x00007fff6560f000 	/usr/lib/libspindump.dylib
0x00007fff49915000 	/System/Library/PrivateFrameworks/AppleVA.framework/Versions/A/AppleVA
0x00007fff34e3e000 	/System/Library/Frameworks/Accelerate.framework/Versions/A/Frameworks/vImage.framework/Versions/A/Libraries/libCGInterfaces.dylib
0x00007fff371c4000 	/System/Library/Frameworks/ApplicationServices.framework/Versions/A/Frameworks/ATS.framework/Versions/A/Resources/libTrueTypeScaler.dylib
0x00007fff320ed000 	/System/Library/Extensions/AppleIntelKBLGraphicsMTLDriver.bundle/Contents/MacOS/AppleIntelKBLGraphicsMTLDriver
0x00007fff52fc9000 	/System/Library/PrivateFrameworks/GPUCompiler.framework/Versions/3902/Libraries/libmetal_timestamp.dylib
0x00007fff61d84000 	/System/Library/PrivateFrameworks/ViewBridge.framework/Versions/A/ViewBridge
0x0000000125b0e000 	/usr/lib/libobjc-trampolines.dylib
0x00007fff42ca5000 	/System/Library/Frameworks/OpenGL.framework/Versions/A/Resources/GLEngine.bundle/GLEngine
0x00007fff42135000 	/System/Library/Frameworks/OpenGL.framework/Versions/A/Libraries/libGLProgrammability.dylib
0x00007fff3130c000 	/System/Library/Extensions/AppleIntelKBLGraphicsGLDriver.bundle/Contents/MacOS/AppleIntelKBLGraphicsGLDriver
0x00007fff54668000 	/System/Library/PrivateFrameworks/GPUSupport.framework/Versions/A/Libraries/libGPUSupportMercury.dylib
0x00007fff42e3c000 	/System/Library/Frameworks/OpenGL.framework/Versions/A/Resources/GLRendererFloat.bundle/GLRendererFloat
0x00007fff416e9000 	/System/Library/Frameworks/OpenCL.framework/Versions/A/Libraries/libcldcpuengine.dylib
0x00007fff63961000 	/usr/lib/libcrypto.35.dylib
0x00007fff60ed4000 	/System/Library/PrivateFrameworks/TrustEvaluationAgent.framework/Versions/A/TrustEvaluationAgent
0x0000000128dfb000 	/Library/Java/JavaVirtualMachines/jdk-12.jdk/Contents/Home/lib/libosxui.dylib
0x00007fff2ed22000 	/System/Library/Extensions/AMDMTLBronzeDriver.bundle/Contents/MacOS/AMDMTLBronzeDriver
0x00007fff56a9f000 	/System/Library/PrivateFrameworks/IOAccelMemoryInfo.framework/Versions/A/IOAccelMemoryInfo


VM Arguments:
jvm_args: -javaagent:/Applications/IntelliJ IDEA CE.app/Contents/lib/idea_rt.jar=52089:/Applications/IntelliJ IDEA CE.app/Contents/bin -Dfile.encoding=UTF-8 
java_command: MousePass
java_class_path (initial): /Users/michaelsprintson/Documents/GitHub/mPFinal/out
Launcher Type: SUN_STANDARD

[Global flags]
     intx CICompilerCount                          = 4                                         {product} {ergonomic}
     uint ConcGCThreads                            = 2                                         {product} {ergonomic}
     uint G1ConcRefinementThreads                  = 8                                         {product} {ergonomic}
   size_t G1HeapRegionSize                         = 1048576                                   {product} {ergonomic}
    uintx GCDrainStackTargetSize                   = 64                                        {product} {ergonomic}
   size_t InitialHeapSize                          = 134217728                                 {product} {ergonomic}
   size_t MarkStackSize                            = 4194304                                   {product} {ergonomic}
   size_t MaxHeapSize                              = 2147483648                                {product} {ergonomic}
   size_t MaxNewSize                               = 1287651328                                {product} {ergonomic}
   size_t MinHeapDeltaBytes                        = 1048576                                   {product} {ergonomic}
    uintx NonNMethodCodeHeapSize                   = 5836300                                {pd product} {ergonomic}
    uintx NonProfiledCodeHeapSize                  = 122910970                              {pd product} {ergonomic}
    uintx ProfiledCodeHeapSize                     = 122910970                              {pd product} {ergonomic}
    uintx ReservedCodeCacheSize                    = 251658240                              {pd product} {ergonomic}
     bool SegmentedCodeCache                       = true                                      {product} {ergonomic}
     bool UseCompressedClassPointers               = true                                 {lp64_product} {ergonomic}
     bool UseCompressedOops                        = true                                 {lp64_product} {ergonomic}
     bool UseG1GC                                  = true                                      {product} {ergonomic}

Logging:
Log output configuration:
 #0: stdout all=warning uptime,level,tags
 #1: stderr all=off uptime,level,tags

Environment Variables:
PATH=/usr/local/bin:/usr/bin:/bin:/usr/sbin:/sbin:/Library/TeX/texbin
SHELL=/bin/bash

Signal Handlers:
SIGSEGV: [libjvm.dylib+0x736292], sa_mask[0]=11111111011111110111111111111111, sa_flags=SA_ONSTACK|SA_RESTART|SA_SIGINFO
SIGBUS: [libjvm.dylib+0x736292], sa_mask[0]=11111111011111110111111111111111, sa_flags=SA_RESTART|SA_SIGINFO
SIGFPE: [libjvm.dylib+0x736292], sa_mask[0]=11111111011111110111111111111111, sa_flags=SA_RESTART|SA_SIGINFO
SIGPIPE: [libjvm.dylib+0x5ddd06], sa_mask[0]=11111111011111110111111111111111, sa_flags=SA_RESTART|SA_SIGINFO
SIGXFSZ: [libjvm.dylib+0x5ddd06], sa_mask[0]=11111111011111110111111111111111, sa_flags=SA_RESTART|SA_SIGINFO
SIGILL: [libjvm.dylib+0x736292], sa_mask[0]=11111111011111110111111111111111, sa_flags=SA_RESTART|SA_SIGINFO
SIGUSR2: [libjvm.dylib+0x5de2eb], sa_mask[0]=00100000000000000000000000000000, sa_flags=SA_RESTART|SA_SIGINFO
SIGHUP: [libjvm.dylib+0x5dcfab], sa_mask[0]=11111111011111110111111111111111, sa_flags=SA_RESTART|SA_SIGINFO
SIGINT: [libjvm.dylib+0x5dcfab], sa_mask[0]=11111111011111110111111111111111, sa_flags=SA_RESTART|SA_SIGINFO
SIGTERM: [libjvm.dylib+0x5dcfab], sa_mask[0]=11111111011111110111111111111111, sa_flags=SA_RESTART|SA_SIGINFO
SIGQUIT: [libjvm.dylib+0x5dcfab], sa_mask[0]=11111111011111110111111111111111, sa_flags=SA_RESTART|SA_SIGINFO


---------------  S Y S T E M  ---------------

OS:uname:Darwin 18.2.0 Darwin Kernel Version 18.2.0: Thu Dec 20 20:46:53 PST 2018; root:xnu-4903.241.1~1/RELEASE_X86_64 x86_64
rlimit: STACK 8192k, CORE 0k, NPROC 709, NOFILE 10240, AS infinity, DATA infinity, FSIZE infinity
load average:6.47 3.75 2.60

CPU:total 8 (initial active 8) (4 cores per cpu, 2 threads per core) family 6 model 142 stepping 10, cmov, cx8, fxsr, mmx, sse, sse2, sse3, ssse3, sse4.1, sse4.2, popcnt, avx, avx2, aes, clmul, erms, 3dnowpref, lzcnt, ht, tsc, tscinvbit, bmi1, bmi2, adx, fma

Memory: 4k page, physical 8388608k(637292k free)

vm_info: Java HotSpot(TM) 64-Bit Server VM (12+33) for bsd-amd64 JRE (12+33), built on Feb 21 2019 02:24:18 by "mach5one" with gcc 4.2.1 Compatible Apple LLVM 9.1.0 (clang-902.0.39.2)

END.
